<?xml version="1.0" encoding="UTF-8" ?> 
<testsuites errors="0" 
            failures="3" 
            tests="6"> 
 
  <testsuite name="npm.test_links" 
    errors="0" failures="3" hostname="" id="" package="npm" skipped="0" 
    tests="6" time="42.56" timestamp="Fri, 22 Sep 2017 00:22:23 GMT"> 
   
    <testcase name="Load npm homepage" classname="npm.test_links" time="16.15" assertions="1">  <failure message="Testing if the page title equals &quot;google&quot;.">    at Object.module.exports.Load npm homepage (C:\Users\Alex Lazaris\Desktop\nightwatch-web\tests\npm\test_links.js:8:24)
    at _combinedTickCallback (internal/process/next_tick.js:67:7)</failure> 
 
     
    </testcase> 
   
    <testcase name="Load enterprise page" classname="npm.test_links" time="4.159" assertions="1">  <failure message="Testing if the page title equals &quot;npm Enterprise&quot;.">    at Object.module.exports.Load enterprise page (C:\Users\Alex Lazaris\Desktop\nightwatch-web\tests\npm\test_links.js:14:24)
    at _combinedTickCallback (internal/process/next_tick.js:67:7)</failure> 
 
     
    </testcase> 
   
    <testcase name="Load features page" classname="npm.test_links" time="4.764" assertions="1"> 
 
     
    </testcase> 
   
    <testcase name="Load pricing page" classname="npm.test_links" time="4.768" assertions="1"> 
 
     
    </testcase> 
   
    <testcase name="Load documentation page" classname="npm.test_links" time="5.047" assertions="1">  <failure message="Testing if the page title equals &quot;npm Documentation&quot;.">    at Object.module.exports.Load documentation page (C:\Users\Alex Lazaris\Desktop\nightwatch-web\tests\npm\test_links.js:32:24)
    at _combinedTickCallback (internal/process/next_tick.js:67:7)</failure> 
 
     
    </testcase> 
   
    <testcase name="Load support page" classname="npm.test_links" time="7.669" assertions="1"> 
 
     
    </testcase> 
   
 
   
    <system-err> 
      ERROR: Unable to locate element: &quot;#name&quot; using: css selector
    at Object.setValue (C:\Users\Alex Lazaris\Desktop\nightwatch-web\node_modules\nightwatch\lib\page-object\command-wrapper.js:117:25)
    at Object.module.exports.commands.inputUsername (C:\Users\Alex Lazaris\Desktop\nightwatch-web\resources\pageObjects\npm\loginAndSignUp.js:32:25)
    at Object.module.exports.Unsuccessful login (C:\Users\Alex Lazaris\Desktop\nightwatch-web\tests\npm\test_login.js:10:14)
    at Module.call (C:\Users\Alex Lazaris\Desktop\nightwatch-web\node_modules\nightwatch\lib\runner\module.js:62:34)
    at C:\Users\Alex Lazaris\Desktop\nightwatch-web\node_modules\nightwatch\lib\runner\testcase.js:70:29
    at _fulfilled (C:\Users\Alex Lazaris\Desktop\nightwatch-web\node_modules\q\q.js:834:54)
    at self.promiseDispatch.done (C:\Users\Alex Lazaris\Desktop\nightwatch-web\node_modules\q\q.js:863:30)
    at Promise.promise.promiseDispatch (C:\Users\Alex Lazaris\Desktop\nightwatch-web\node_modules\q\q.js:796:13)
    at C:\Users\Alex Lazaris\Desktop\nightwatch-web\node_modules\q\q.js:556:49
    at runSingle (C:\Users\Alex Lazaris\Desktop\nightwatch-web\node_modules\q\q.js:137:13) 
    </system-err> 
   
 
   
  </testsuite> 
</testsuites> 
